2017-10-15 16:46:18,478 INFO o.a.j.u.JMeterUtils: Setting Locale to en_US
2017-10-15 16:46:18,532 INFO o.a.j.JMeter: Loading user properties from: user.properties
2017-10-15 16:46:18,534 INFO o.a.j.JMeter: Loading system properties from: system.properties
2017-10-15 16:46:18,550 INFO o.a.j.JMeter: Copyright (c) 1998-2017 The Apache Software Foundation
2017-10-15 16:46:18,550 INFO o.a.j.JMeter: Version 3.2 r1790748
2017-10-15 16:46:18,550 INFO o.a.j.JMeter: java.version=1.8.0_131
2017-10-15 16:46:18,550 INFO o.a.j.JMeter: java.vm.name=Java HotSpot(TM) 64-Bit Server VM
2017-10-15 16:46:18,550 INFO o.a.j.JMeter: os.name=Windows 10
2017-10-15 16:46:18,550 INFO o.a.j.JMeter: os.arch=amd64
2017-10-15 16:46:18,550 INFO o.a.j.JMeter: os.version=10.0
2017-10-15 16:46:18,550 INFO o.a.j.JMeter: file.encoding=Cp1252
2017-10-15 16:46:18,550 INFO o.a.j.JMeter: Max memory     =536870912
2017-10-15 16:46:18,550 INFO o.a.j.JMeter: Available Processors =4
2017-10-15 16:46:18,566 INFO o.a.j.JMeter: Default Locale=English (United States)
2017-10-15 16:46:18,566 INFO o.a.j.JMeter: JMeter  Locale=English (United States)
2017-10-15 16:46:18,566 INFO o.a.j.JMeter: JMeterHome=C:\Users\win10\Desktop\apache-jmeter-3.2
2017-10-15 16:46:18,566 INFO o.a.j.JMeter: user.dir  =C:\Users\win10\Desktop\apache-jmeter-3.2\bin
2017-10-15 16:46:18,566 INFO o.a.j.JMeter: PWD       =C:\Users\win10\Desktop\apache-jmeter-3.2\bin
2017-10-15 16:46:18,566 INFO o.a.j.JMeter: IP: 192.168.0.156 Name: DESKTOP-299VPGO FullName: DESKTOP-299VPGO
2017-10-15 16:46:19,063 INFO o.a.j.g.a.LookAndFeelCommand: Using look and feel: javax.swing.plaf.metal.MetalLookAndFeel [Metal, CrossPlatform]
2017-10-15 16:46:19,084 INFO o.a.j.JMeter: Loaded icon properties from org/apache/jmeter/images/icon.properties
2017-10-15 16:46:21,290 INFO o.a.j.e.u.CompoundVariable: Note: Function class names must contain the string: '.functions.'
2017-10-15 16:46:21,290 INFO o.a.j.e.u.CompoundVariable: Note: Function class names must not contain the string: '.gui.'
2017-10-15 16:46:23,400 WARN o.j.r.PluginManager: Found JAR conflict: C:\Users\win10\Desktop\apache-jmeter-3.2\lib\ext\jmeter-plugins-manager-0.16.jar and C:\Users\win10\Desktop\apache-jmeter-3.2\lib\ext\jmeter-plugins-manager-0.13.jar
2017-10-15 16:46:29,719 INFO o.j.r.PluginManager: Plugins Status: [jpgc-graphs-basic=2.0, jpgc-graphs-additional=2.0, blazemeter-debugger=0.5, jpgc-cmd=2.1, jpgc-casutg=2.1, jpgc-dummy=0.2, jpgc-ggl=2.0, jpgc-plugins-manager=0.13, websocket-sampler=1.0.2-SNAPSHOT, websocket-samplers=0.10, jmeter-core=3.2, jmeter-ftp=3.2, jmeter-http=3.2, jmeter-jdbc=3.2, jmeter-jms=3.2, jmeter-junit=3.2, jmeter-java=3.2, jmeter-ldap=3.2, jmeter-mail=3.2, jmeter-mongodb=3.2, jmeter-native=3.2, jmeter-tcp=3.2, jmeter-components=3.2]
2017-10-15 16:46:33,314 INFO o.a.j.g.u.MenuFactory: Skipping org.apache.jmeter.assertions.BSFAssertion
2017-10-15 16:46:34,364 INFO o.a.j.g.u.MenuFactory: Skipping org.apache.jmeter.extractor.BSFPostProcessor
2017-10-15 16:46:34,473 INFO o.a.j.g.u.MenuFactory: Skipping org.apache.jmeter.modifiers.BSFPreProcessor
2017-10-15 16:46:34,583 INFO o.a.j.p.h.s.HTTPSamplerBase: Parser for text/html is org.apache.jmeter.protocol.http.parser.LagartoBasedHtmlParser
2017-10-15 16:46:34,584 INFO o.a.j.p.h.s.HTTPSamplerBase: Parser for application/xhtml+xml is org.apache.jmeter.protocol.http.parser.LagartoBasedHtmlParser
2017-10-15 16:46:34,584 INFO o.a.j.p.h.s.HTTPSamplerBase: Parser for application/xml is org.apache.jmeter.protocol.http.parser.LagartoBasedHtmlParser
2017-10-15 16:46:34,585 INFO o.a.j.p.h.s.HTTPSamplerBase: Parser for text/xml is org.apache.jmeter.protocol.http.parser.LagartoBasedHtmlParser
2017-10-15 16:46:34,585 INFO o.a.j.p.h.s.HTTPSamplerBase: Parser for text/vnd.wap.wml is org.apache.jmeter.protocol.http.parser.RegexpHTMLParser
2017-10-15 16:46:34,586 INFO o.a.j.p.h.s.HTTPSamplerBase: Parser for text/css is org.apache.jmeter.protocol.http.parser.CssParser
2017-10-15 16:46:35,657 INFO o.a.j.e.KeyToolUtils: keytool found at 'keytool'
2017-10-15 16:46:35,659 INFO o.a.j.p.h.p.ProxyControl: HTTP(S) Test Script Recorder SSL Proxy will use keys that support embedded 3rd party resources in file C:\Users\win10\Desktop\apache-jmeter-3.2\bin\proxyserver.jks
2017-10-15 16:46:36,097 INFO o.a.j.g.u.MenuFactory: Skipping org.apache.jmeter.protocol.java.sampler.BSFSampler
2017-10-15 16:46:36,231 INFO o.a.j.s.FileServer: Default base='C:\Users\win10\Desktop\apache-jmeter-3.2\bin'
2017-10-15 16:46:36,486 INFO o.a.j.g.u.MenuFactory: Skipping org.apache.jmeter.protocol.mongodb.config.MongoSourceElement
2017-10-15 16:46:36,486 INFO o.a.j.g.u.MenuFactory: Skipping org.apache.jmeter.protocol.mongodb.sampler.MongoScriptSampler
2017-10-15 16:46:37,359 INFO o.a.j.g.u.MenuFactory: Skipping org.apache.jmeter.timers.BSFTimer
2017-10-15 16:46:37,441 INFO o.a.j.g.u.MenuFactory: Skipping org.apache.jmeter.visualizers.BSFListener
2017-10-15 16:46:37,890 INFO o.a.j.s.SampleResult: Note: Sample TimeStamps are START times
2017-10-15 16:46:37,890 INFO o.a.j.s.SampleResult: sampleresult.default.encoding is set to ISO-8859-1
2017-10-15 16:46:37,891 INFO o.a.j.s.SampleResult: sampleresult.useNanoTime=true
2017-10-15 16:46:37,891 INFO o.a.j.s.SampleResult: sampleresult.nanoThreadSleep=5000
2017-10-15 16:48:07,626 INFO o.a.j.g.a.Load: Loading file: D:\Jmeter\Auvernir\sample_project_a\sample_scenario_1\login(1).jmx
2017-10-15 16:48:07,628 INFO o.a.j.s.FileServer: Set new base='D:\Jmeter\Auvernir\sample_project_a\sample_scenario_1'
2017-10-15 16:48:07,985 INFO o.a.j.s.SaveService: Testplan (JMX) version: 2.2. Testlog (JTL) version: 2.2
2017-10-15 16:48:08,013 INFO o.a.j.s.SaveService: Using SaveService properties file encoding UTF-8
2017-10-15 16:48:08,019 INFO o.a.j.s.SaveService: Using SaveService properties version 3.2
2017-10-15 16:48:08,031 INFO o.a.j.s.SaveService: Loading file: D:\Jmeter\Auvernir\sample_project_a\sample_scenario_1\login(1).jmx
2017-10-15 16:48:08,124 INFO o.a.j.p.h.c.CookieManager: Settings: Delete null: true Check: true Allow variable: true Save: false Prefix: COOKIE_
2017-10-15 16:48:09,116 INFO o.a.j.s.FileServer: Set new base='D:\Jmeter\Auvernir\sample_project_a\sample_scenario_1'
2017-10-15 16:53:31,031 INFO o.a.j.e.StandardJMeterEngine: Running the test!
2017-10-15 16:53:31,035 INFO o.a.j.s.SampleEvent: List of sample_variables: []
2017-10-15 16:53:31,035 INFO o.a.j.s.SampleEvent: List of sample_variables: []
2017-10-15 16:53:31,064 INFO o.a.j.g.u.JMeterMenuBar: setRunning(true, *local*)
2017-10-15 16:53:31,742 INFO o.a.j.e.StandardJMeterEngine: Starting ThreadGroup: 1 : Thread Group
2017-10-15 16:53:31,743 INFO o.a.j.e.StandardJMeterEngine: Starting 1 threads for group Thread Group.
2017-10-15 16:53:31,743 INFO o.a.j.e.StandardJMeterEngine: Thread will continue on error
2017-10-15 16:53:31,744 INFO o.a.j.t.ThreadGroup: Starting thread group... number=1 threads=1 ramp-up=1 perThread=1000.0 delayedStart=false
2017-10-15 16:53:31,767 INFO o.a.j.t.ThreadGroup: Started thread group number 1
2017-10-15 16:53:31,767 INFO o.a.j.e.StandardJMeterEngine: All thread groups have been started
2017-10-15 16:53:31,853 INFO o.a.j.t.JMeterThread: Thread started: Thread Group 1-1
2017-10-15 16:53:31,950 INFO o.a.j.p.h.s.HTTPHCAbstractImpl: Local host = DESKTOP-299VPGO
2017-10-15 16:53:31,970 INFO o.a.j.p.h.s.HTTPHC4Impl: HTTP request retry count = 0
2017-10-15 16:53:32,290 INFO o.a.j.p.h.s.LazySchemeSocketFactory: Setting up HTTPS TrustAll Socket Factory
2017-10-15 16:53:32,294 INFO o.a.j.u.JsseSSLManager: Using default SSL protocol: TLS
2017-10-15 16:53:32,295 INFO o.a.j.u.JsseSSLManager: SSL session context: per-thread
2017-10-15 16:53:32,311 INFO o.a.j.u.SSLManager: JmeterKeyStore Location:  type JKS
2017-10-15 16:53:32,312 INFO o.a.j.u.SSLManager: KeyStore created OK
2017-10-15 16:53:32,313 WARN o.a.j.u.SSLManager: Keystore file not found, loading empty keystore
2017-10-15 16:54:02,434 INFO o.e.j.w.c.WebSocketClient: Stopped org.eclipse.jetty.websocket.client.WebSocketClient@3ce8f218
2017-10-15 16:55:05,182 INFO o.a.j.t.JMeterThread: Thread is done: Thread Group 1-1
2017-10-15 16:55:05,183 INFO o.a.j.t.JMeterThread: Thread finished: Thread Group 1-1
2017-10-15 16:55:05,185 INFO o.a.j.e.StandardJMeterEngine: Notifying test listeners of end of test
2017-10-15 16:55:05,188 INFO o.a.j.g.u.JMeterMenuBar: setRunning(false, *local*)
2017-10-15 17:00:50,891 INFO o.a.j.e.StandardJMeterEngine: Running the test!
2017-10-15 17:00:50,893 INFO o.a.j.s.SampleEvent: List of sample_variables: []
2017-10-15 17:00:50,906 INFO o.a.j.g.u.JMeterMenuBar: setRunning(true, *local*)
2017-10-15 17:00:50,977 INFO o.a.j.e.StandardJMeterEngine: Starting ThreadGroup: 1 : Thread Group
2017-10-15 17:00:50,978 INFO o.a.j.e.StandardJMeterEngine: Starting 1 threads for group Thread Group.
2017-10-15 17:00:50,978 INFO o.a.j.e.StandardJMeterEngine: Thread will continue on error
2017-10-15 17:00:50,978 INFO o.a.j.t.ThreadGroup: Starting thread group... number=1 threads=1 ramp-up=1 perThread=1000.0 delayedStart=false
2017-10-15 17:00:50,984 INFO o.a.j.t.ThreadGroup: Started thread group number 1
2017-10-15 17:00:50,984 INFO o.a.j.e.StandardJMeterEngine: All thread groups have been started
2017-10-15 17:00:50,987 INFO o.a.j.t.JMeterThread: Thread started: Thread Group 1-1
2017-10-15 17:01:20,723 INFO o.e.j.w.c.WebSocketClient: Stopped org.eclipse.jetty.websocket.client.WebSocketClient@357fb7d1
2017-10-15 17:02:23,327 INFO o.a.j.t.JMeterThread: Thread is done: Thread Group 1-1
2017-10-15 17:02:23,327 INFO o.a.j.t.JMeterThread: Thread finished: Thread Group 1-1
2017-10-15 17:02:23,343 INFO o.a.j.e.StandardJMeterEngine: Notifying test listeners of end of test
2017-10-15 17:02:23,343 INFO o.a.j.g.u.JMeterMenuBar: setRunning(false, *local*)
2017-10-15 17:05:39,377 INFO o.a.j.e.StandardJMeterEngine: Running the test!
2017-10-15 17:05:39,378 INFO o.a.j.s.SampleEvent: List of sample_variables: []
2017-10-15 17:05:39,384 INFO o.a.j.g.u.JMeterMenuBar: setRunning(true, *local*)
2017-10-15 17:05:39,422 INFO o.a.j.e.StandardJMeterEngine: Starting ThreadGroup: 1 : Thread Group
2017-10-15 17:05:39,422 INFO o.a.j.e.StandardJMeterEngine: Starting 1 threads for group Thread Group.
2017-10-15 17:05:39,422 INFO o.a.j.e.StandardJMeterEngine: Thread will continue on error
2017-10-15 17:05:39,423 INFO o.a.j.t.ThreadGroup: Starting thread group... number=1 threads=1 ramp-up=1 perThread=1000.0 delayedStart=false
2017-10-15 17:05:39,425 INFO o.a.j.t.ThreadGroup: Started thread group number 1
2017-10-15 17:05:39,425 INFO o.a.j.e.StandardJMeterEngine: All thread groups have been started
2017-10-15 17:05:39,427 INFO o.a.j.t.JMeterThread: Thread started: Thread Group 1-1
2017-10-15 17:06:11,788 INFO o.e.j.w.c.WebSocketClient: Stopped org.eclipse.jetty.websocket.client.WebSocketClient@6153091
2017-10-15 17:06:36,063 INFO o.a.j.t.JMeterThread: Thread is done: Thread Group 1-1
2017-10-15 17:06:36,063 INFO o.a.j.t.JMeterThread: Thread finished: Thread Group 1-1
2017-10-15 17:06:36,064 INFO o.a.j.e.StandardJMeterEngine: Notifying test listeners of end of test
2017-10-15 17:06:36,065 INFO o.a.j.g.u.JMeterMenuBar: setRunning(false, *local*)
2017-10-15 17:09:03,628 INFO o.a.j.e.StandardJMeterEngine: Running the test!
2017-10-15 17:09:03,630 INFO o.a.j.s.SampleEvent: List of sample_variables: []
2017-10-15 17:09:03,633 INFO o.a.j.g.u.JMeterMenuBar: setRunning(true, *local*)
2017-10-15 17:09:03,672 INFO o.a.j.e.StandardJMeterEngine: Starting ThreadGroup: 1 : Thread Group
2017-10-15 17:09:03,672 INFO o.a.j.e.StandardJMeterEngine: Starting 1 threads for group Thread Group.
2017-10-15 17:09:03,672 INFO o.a.j.e.StandardJMeterEngine: Thread will continue on error
2017-10-15 17:09:03,673 INFO o.a.j.t.ThreadGroup: Starting thread group... number=1 threads=1 ramp-up=1 perThread=1000.0 delayedStart=false
2017-10-15 17:09:03,676 INFO o.a.j.t.ThreadGroup: Started thread group number 1
2017-10-15 17:09:03,676 INFO o.a.j.e.StandardJMeterEngine: All thread groups have been started
2017-10-15 17:09:03,678 INFO o.a.j.t.JMeterThread: Thread started: Thread Group 1-1
2017-10-15 17:09:33,353 INFO o.e.j.w.c.WebSocketClient: Stopped org.eclipse.jetty.websocket.client.WebSocketClient@331a2500
2017-10-15 17:10:37,003 INFO o.a.j.t.JMeterThread: Thread is done: Thread Group 1-1
2017-10-15 17:10:37,003 INFO o.a.j.t.JMeterThread: Thread finished: Thread Group 1-1
2017-10-15 17:10:37,004 INFO o.a.j.e.StandardJMeterEngine: Notifying test listeners of end of test
2017-10-15 17:10:37,005 INFO o.a.j.g.u.JMeterMenuBar: setRunning(false, *local*)
2017-10-15 17:18:10,406 INFO o.a.j.e.StandardJMeterEngine: Running the test!
2017-10-15 17:18:10,406 INFO o.a.j.s.SampleEvent: List of sample_variables: []
2017-10-15 17:18:10,418 INFO o.a.j.g.u.JMeterMenuBar: setRunning(true, *local*)
2017-10-15 17:18:10,855 INFO o.a.j.e.StandardJMeterEngine: Starting ThreadGroup: 1 : Thread Group
2017-10-15 17:18:10,856 INFO o.a.j.e.StandardJMeterEngine: Starting 1 threads for group Thread Group.
2017-10-15 17:18:10,857 INFO o.a.j.e.StandardJMeterEngine: Thread will continue on error
2017-10-15 17:18:10,857 INFO o.a.j.t.ThreadGroup: Starting thread group... number=1 threads=1 ramp-up=1 perThread=1000.0 delayedStart=false
2017-10-15 17:18:10,863 INFO o.a.j.t.ThreadGroup: Started thread group number 1
2017-10-15 17:18:10,863 INFO o.a.j.e.StandardJMeterEngine: All thread groups have been started
2017-10-15 17:18:10,867 INFO o.a.j.t.JMeterThread: Thread started: Thread Group 1-1
2017-10-15 17:18:40,257 INFO o.e.j.w.c.WebSocketClient: Stopped org.eclipse.jetty.websocket.client.WebSocketClient@1a79e0d7
2017-10-15 17:19:44,119 INFO o.a.j.t.JMeterThread: Thread is done: Thread Group 1-1
2017-10-15 17:19:44,119 INFO o.a.j.t.JMeterThread: Thread finished: Thread Group 1-1
2017-10-15 17:19:44,121 INFO o.a.j.e.StandardJMeterEngine: Notifying test listeners of end of test
2017-10-15 17:19:44,122 INFO o.a.j.g.u.JMeterMenuBar: setRunning(false, *local*)
2017-10-15 17:20:12,291 INFO o.a.j.e.StandardJMeterEngine: Running the test!
2017-10-15 17:20:12,293 INFO o.a.j.s.SampleEvent: List of sample_variables: []
2017-10-15 17:20:12,296 INFO o.a.j.g.u.JMeterMenuBar: setRunning(true, *local*)
2017-10-15 17:20:12,724 INFO o.a.j.e.StandardJMeterEngine: Starting ThreadGroup: 1 : Thread Group
2017-10-15 17:20:12,725 INFO o.a.j.e.StandardJMeterEngine: Starting 1 threads for group Thread Group.
2017-10-15 17:20:12,725 INFO o.a.j.e.StandardJMeterEngine: Thread will continue on error
2017-10-15 17:20:12,726 INFO o.a.j.t.ThreadGroup: Starting thread group... number=1 threads=1 ramp-up=1 perThread=1000.0 delayedStart=false
2017-10-15 17:20:12,728 INFO o.a.j.t.ThreadGroup: Started thread group number 1
2017-10-15 17:20:12,728 INFO o.a.j.e.StandardJMeterEngine: All thread groups have been started
2017-10-15 17:20:12,730 INFO o.a.j.t.JMeterThread: Thread started: Thread Group 1-1
2017-10-15 17:20:42,324 INFO o.e.j.w.c.WebSocketClient: Stopped org.eclipse.jetty.websocket.client.WebSocketClient@7c5d37ff
2017-10-15 17:20:43,942 INFO o.a.j.p.h.s.HTTPJavaImpl: Maximum connection retries = 0
2017-10-15 17:21:45,196 ERROR o.a.j.p.h.s.HTTPJavaImpl: readResponse: java.io.IOException: Server returned HTTP response code: 504 for URL: https://slothaws.auvenir.com/socket.io/?EIO=3&transport=polling&t=LyGbMgO&sid=8q-P_fGww_d94zwCAAAc
2017-10-15 17:21:45,197 ERROR o.a.j.p.h.s.HTTPJavaImpl: Cause: java.io.IOException: Server returned HTTP response code: 504 for URL: https://slothaws.auvenir.com/socket.io/?EIO=3&transport=polling&t=LyGbMgO&sid=8q-P_fGww_d94zwCAAAc
2017-10-15 17:21:45,197 INFO o.a.j.p.h.s.HTTPJavaImpl: Error Response Code: 504, Server sent no Errorpage
2017-10-15 17:21:46,382 INFO o.a.j.t.JMeterThread: Thread is done: Thread Group 1-1
2017-10-15 17:21:46,383 INFO o.a.j.t.JMeterThread: Thread finished: Thread Group 1-1
2017-10-15 17:21:46,385 INFO o.a.j.e.StandardJMeterEngine: Notifying test listeners of end of test
2017-10-15 17:21:46,386 INFO o.a.j.g.u.JMeterMenuBar: setRunning(false, *local*)
